0 info it worked if it ends with ok
1 verbose cli [ '/home/nickSpinosa/.nvm/versions/node/v6.7.0/bin/node',
1 verbose cli   '/home/nickSpinosa/.nvm/versions/node/v6.7.0/bin/npm',
1 verbose cli   'run',
1 verbose cli   'start:localhost' ]
2 info using npm@3.10.3
3 info using node@v6.7.0
4 verbose run-script [ 'prestart:localhost',
4 verbose run-script   'start:localhost',
4 verbose run-script   'poststart:localhost' ]
5 info lifecycle tech-trends-dbs@1.0.0~prestart:localhost: tech-trends-dbs@1.0.0
6 silly lifecycle tech-trends-dbs@1.0.0~prestart:localhost: no script for prestart:localhost, continuing
7 info lifecycle tech-trends-dbs@1.0.0~start:localhost: tech-trends-dbs@1.0.0
8 verbose lifecycle tech-trends-dbs@1.0.0~start:localhost: unsafe-perm in lifecycle true
9 verbose lifecycle tech-trends-dbs@1.0.0~start:localhost: PATH: /home/nickSpinosa/.nvm/versions/node/v6.7.0/lib/node_modules/npm/bin/node-gyp-bin:/mnt/e/Code/HackReactor/TechTrends/node_modules/.bin:/home/nickSpinosa/.nvm/versions/node/v6.7.0/bin:/home/nickSpinosa/.nvm/versions/node/v6.7.0/bin:/usr/local/bin:/usr/bin:/bin:/usr/local/games:/usr/games
10 verbose lifecycle tech-trends-dbs@1.0.0~start:localhost: CWD: /mnt/e/Code/HackReactor/TechTrends
11 silly lifecycle tech-trends-dbs@1.0.0~start:localhost: Args: [ '-c', 'node connections/localhostConfig.js' ]
12 silly lifecycle tech-trends-dbs@1.0.0~start:localhost: Returned: code: 1  signal: null
13 info lifecycle tech-trends-dbs@1.0.0~start:localhost: Failed to exec start:localhost script
14 verbose stack Error: tech-trends-dbs@1.0.0 start:localhost: `node connections/localhostConfig.js`
14 verbose stack Exit status 1
14 verbose stack     at EventEmitter.<anonymous> (/home/nickSpinosa/.nvm/versions/node/v6.7.0/lib/node_modules/npm/lib/utils/lifecycle.js:242:16)
14 verbose stack     at emitTwo (events.js:106:13)
14 verbose stack     at EventEmitter.emit (events.js:191:7)
14 verbose stack     at ChildProcess.<anonymous> (/home/nickSpinosa/.nvm/versions/node/v6.7.0/lib/node_modules/npm/lib/utils/spawn.js:40:14)
14 verbose stack     at emitTwo (events.js:106:13)
14 verbose stack     at ChildProcess.emit (events.js:191:7)
14 verbose stack     at maybeClose (internal/child_process.js:877:16)
14 verbose stack     at Process.ChildProcess._handle.onexit (internal/child_process.js:226:5)
15 verbose pkgid tech-trends-dbs@1.0.0
16 verbose cwd /mnt/e/Code/HackReactor/TechTrends
17 error Linux 3.4.0+
18 error argv "/home/nickSpinosa/.nvm/versions/node/v6.7.0/bin/node" "/home/nickSpinosa/.nvm/versions/node/v6.7.0/bin/npm" "run" "start:localhost"
19 error node v6.7.0
20 error npm  v3.10.3
21 error code ELIFECYCLE
22 error tech-trends-dbs@1.0.0 start:localhost: `node connections/localhostConfig.js`
22 error Exit status 1
23 error Failed at the tech-trends-dbs@1.0.0 start:localhost script 'node connections/localhostConfig.js'.
23 error Make sure you have the latest version of node.js and npm installed.
23 error If you do, this is most likely a problem with the tech-trends-dbs package,
23 error not with npm itself.
23 error Tell the author that this fails on your system:
23 error     node connections/localhostConfig.js
23 error You can get information on how to open an issue for this project with:
23 error     npm bugs tech-trends-dbs
23 error Or if that isn't available, you can get their info via:
23 error     npm owner ls tech-trends-dbs
23 error There is likely additional logging output above.
24 verbose exit [ 1, true ]
